100.00
77.30
70.78
56.35
52.18
66.39
51.18
68.09
69.29
81.92
61.50
50.83
42.54
40.09
33.33
33.58
24.78
28.22
26.03
27.14
39.94
36.63
44.50
46.83
54.52
75.57
56.97
67.87
66.46
46.33
40.91
50.06
47.10
49.35
51.23
62.33
62.74
46.48
45.78
53.23
61.01
62.75
52.89
59.31
56.80
57.85
64.57
66.12
69.18
59.09
77.97
94.26
108.21
91.84
78.95
74.75
54.23
46.13
30.74
32.77
30.70
31.52
34.63
42.24
59.36
62.02
64.80
47.11
57.05
69.79
65.63
55.60
69.05
47.81
56.65
52.95
46.37
41.40
35.97
24.76
21.94
25.77
33.24
41.05
24.11
18.15
13.53
13.42
13.02
16.37
17.80
22.49
21.71
23.90
23.41
21.28
28.17
24.86
25.20
30.72
100.00
73.94
61.70
63.90
40.50
32.28
6.26
6.09
8.99
10.84
10.84
11.45
13.32
10.09
100.00
82.63
69.33
66.36
85.13
100.00
79.66
101.66
58.53
77.04
87.81
108.52
